Compilación iniciada a las 15/04/2013 11:41:50 a.m..
     1>Proyecto "c:\Users\david alvarez\documents\visual studio 2010\Projects\ComparaFecha\ComparaFecha\ComparaFecha.vcxproj" en el nodo 2 (build destinos).
     1>PrepareForBuild:
         Creando directorio "c:\users\david alvarez\documents\visual studio 2010\Projects\ComparaFecha\Debug\".
       InitializeBuildStatus:
         Se creará "Debug\ComparaFecha.unsuccessfulbuild" porque se especificó "AlwaysCreate".
       ClCompile:
         c:\Program Files (x86)\Microsoft Visual Studio 10.0\VC\bin\CL.exe /c /ZI /nologo /W3 /WX- /Od /Oy- /D WIN32 /D _DEBUG /D _CONSOLE /D _UNICODE /D UNICODE /Gm /EHsc /RTC1 /MDd /GS /fp:precise /Zc:wchar_t /Zc:forScope /Fo"Debug\\" /Fd"Debug\vc100.pdb" /Gd /TP /analyze- /errorReport:prompt main.cpp
         main.cpp
     1>c:\users\david alvarez\documents\visual studio 2010\projects\comparafecha\comparafecha\main.cpp(8): warning C4996: 'localtime': This function or variable may be unsafe. Consider using localtime_s instead. To disable deprecation, use _CRT_SECURE_NO_WARNINGS. See online help for details.
                 c:\program files (x86)\microsoft visual studio 10.0\vc\include\time.inl(112) : vea la declaración de 'localtime'
       ManifestResourceCompile:
         C:\Program Files (x86)\Microsoft SDKs\Windows\v7.0A\bin\rc.exe /nologo /fo"Debug\ComparaFecha.exe.embed.manifest.res" Debug\ComparaFecha_manifest.rc 
       Link:
         c:\Program Files (x86)\Microsoft Visual Studio 10.0\VC\bin\link.exe /ERRORREPORT:PROMPT /OUT:"c:\users\david alvarez\documents\visual studio 2010\Projects\ComparaFecha\Debug\ComparaFecha.exe" /INCREMENTAL /NOLOGO kernel32.lib user32.lib gdi32.lib winspool.lib comdlg32.lib advapi32.lib shell32.lib ole32.lib oleaut32.lib uuid.lib odbc32.lib odbccp32.lib /MANIFEST /ManifestFile:"Debug\ComparaFecha.exe.intermediate.manifest" /MANIFESTUAC:"level='asInvoker' uiAccess='false'" /DEBUG /PDB:"c:\users\david alvarez\documents\visual studio 2010\Projects\ComparaFecha\Debug\ComparaFecha.pdb" /SUBSYSTEM:CONSOLE /TLBID:1 /DYNAMICBASE /NXCOMPAT /IMPLIB:"c:\users\david alvarez\documents\visual studio 2010\Projects\ComparaFecha\Debug\ComparaFecha.lib" /MACHINE:X86 Debug\ComparaFecha.exe.embed.manifest.res
         Debug\main.obj
       Manifest:
         C:\Program Files (x86)\Microsoft SDKs\Windows\v7.0A\bin\mt.exe /nologo /verbose /out:"Debug\ComparaFecha.exe.embed.manifest" /manifest Debug\ComparaFecha.exe.intermediate.manifest
         C:\Program Files (x86)\Microsoft SDKs\Windows\v7.0A\bin\rc.exe /nologo /fo"Debug\ComparaFecha.exe.embed.manifest.res" Debug\ComparaFecha_manifest.rc 
       LinkEmbedManifest:
         c:\Program Files (x86)\Microsoft Visual Studio 10.0\VC\bin\link.exe /ERRORREPORT:PROMPT /OUT:"c:\users\david alvarez\documents\visual studio 2010\Projects\ComparaFecha\Debug\ComparaFecha.exe" /INCREMENTAL /NOLOGO kernel32.lib user32.lib gdi32.lib winspool.lib comdlg32.lib advapi32.lib shell32.lib ole32.lib oleaut32.lib uuid.lib odbc32.lib odbccp32.lib /MANIFEST /ManifestFile:"Debug\ComparaFecha.exe.intermediate.manifest" /MANIFESTUAC:"level='asInvoker' uiAccess='false'" /DEBUG /PDB:"c:\users\david alvarez\documents\visual studio 2010\Projects\ComparaFecha\Debug\ComparaFecha.pdb" /SUBSYSTEM:CONSOLE /TLBID:1 /DYNAMICBASE /NXCOMPAT /IMPLIB:"c:\users\david alvarez\documents\visual studio 2010\Projects\ComparaFecha\Debug\ComparaFecha.lib" /MACHINE:X86 Debug\ComparaFecha.exe.embed.manifest.res
         Debug\main.obj
         ComparaFecha.vcxproj -> c:\users\david alvarez\documents\visual studio 2010\Projects\ComparaFecha\Debug\ComparaFecha.exe
       FinalizeBuildStatus:
         Se eliminará el archivo "Debug\ComparaFecha.unsuccessfulbuild".
         Aplicando tarea Touch a "Debug\ComparaFecha.lastbuildstate".
     1>Compilación del proyecto terminada "c:\Users\david alvarez\documents\visual studio 2010\Projects\ComparaFecha\ComparaFecha\ComparaFecha.vcxproj" (build destinos).

Compilación correcta.

Tiempo transcurrido 00:00:02.60
